<?xml version="1.0" encoding="UTF-8"?>
<testsuite xmlns:xsi="http://www.w3.org/2001/XMLSchema-instance" xsi:noNamespaceSchemaLocation="https://maven.apache.org/surefire/maven-surefire-plugin/xsd/surefire-test-report.xsd" name="abdn.scnu.cs.GameTests" time="0.105" tests="11" errors="0" skipped="0" failures="0">
  <properties>
    <property name="java.specification.version" value="17"/>
    <property name="sun.cpu.isalist" value="amd64"/>
    <property name="sun.jnu.encoding" value="GBK"/>
    <property name="java.class.path" value="D:\home\personal\university\课程\JAVA\JavaAssignment\assignment\target\test-classes;D:\home\personal\university\课程\JAVA\JavaAssignment\assignment\target\classes;D:\software\Maven\apache-maven-3.8.5\maven-repository\junit\junit\4.11\junit-4.11.jar;D:\software\Maven\apache-maven-3.8.5\maven-repository\org\hamcrest\hamcrest-core\1.3\hamcrest-core-1.3.jar;"/>
    <property name="java.vm.vendor" value="Oracle Corporation"/>
    <property name="sun.arch.data.model" value="64"/>
    <property name="user.variant" value=""/>
    <property name="java.vendor.url" value="https://java.oracle.com/"/>
    <property name="user.timezone" value="Asia/Shanghai"/>
    <property name="os.name" value="Windows 10"/>
    <property name="java.vm.specification.version" value="17"/>
    <property name="sun.java.launcher" value="SUN_STANDARD"/>
    <property name="user.country" value="CN"/>
    <property name="sun.boot.library.path" value="D:\Program Files\Java\jdk-17.0.1\bin"/>
    <property name="sun.java.command" value="C:\Users\10422\AppData\Local\Temp\surefire14215535803087271441\surefirebooter10478979570654975680.jar C:\Users\10422\AppData\Local\Temp\surefire14215535803087271441 2022-10-31T11-55-20_465-jvmRun1 surefire11216292753104139426tmp surefire_013219219423421091254tmp"/>
    <property name="jdk.debug" value="release"/>
    <property name="surefire.test.class.path" value="D:\home\personal\university\课程\JAVA\JavaAssignment\assignment\target\test-classes;D:\home\personal\university\课程\JAVA\JavaAssignment\assignment\target\classes;D:\software\Maven\apache-maven-3.8.5\maven-repository\junit\junit\4.11\junit-4.11.jar;D:\software\Maven\apache-maven-3.8.5\maven-repository\org\hamcrest\hamcrest-core\1.3\hamcrest-core-1.3.jar;"/>
    <property name="sun.cpu.endian" value="little"/>
    <property name="user.home" value="C:\Users\10422"/>
    <property name="user.language" value="zh"/>
    <property name="java.specification.vendor" value="Oracle Corporation"/>
    <property name="java.version.date" value="2021-10-19"/>
    <property name="java.home" value="D:\Program Files\Java\jdk-17.0.1"/>
    <property name="file.separator" value="\"/>
    <property name="basedir" value="D:\home\personal\university\课程\JAVA\JavaAssignment\assignment"/>
    <property name="java.vm.compressedOopsMode" value="Zero based"/>
    <property name="line.separator" value="&#10;"/>
    <property name="java.vm.specification.vendor" value="Oracle Corporation"/>
    <property name="java.specification.name" value="Java Platform API Specification"/>
    <property name="surefire.real.class.path" value="C:\Users\10422\AppData\Local\Temp\surefire14215535803087271441\surefirebooter10478979570654975680.jar"/>
    <property name="user.script" value=""/>
    <property name="sun.management.compiler" value="HotSpot 64-Bit Tiered Compilers"/>
    <property name="java.runtime.version" value="17.0.1+12-LTS-39"/>
    <property name="user.name" value="10422"/>
    <property name="path.separator" value=";"/>
    <property name="os.version" value="10.0"/>
    <property name="java.runtime.name" value="Java(TM) SE Runtime Environment"/>
    <property name="file.encoding" value="GBK"/>
    <property name="java.vm.name" value="Java HotSpot(TM) 64-Bit Server VM"/>
    <property name="localRepository" value="D:\software\Maven\apache-maven-3.8.5\maven-repository"/>
    <property name="java.vendor.url.bug" value="https://bugreport.java.com/bugreport/"/>
    <property name="java.io.tmpdir" value="C:\Users\10422\AppData\Local\Temp\"/>
    <property name="java.version" value="17.0.1"/>
    <property name="user.dir" value="D:\home\personal\university\课程\JAVA\JavaAssignment\assignment"/>
    <property name="os.arch" value="amd64"/>
    <property name="java.vm.specification.name" value="Java Virtual Machine Specification"/>
    <property name="sun.os.patch.level" value=""/>
    <property name="native.encoding" value="GBK"/>
    <property name="java.library.path" value="D:\Program Files\Java\jdk-17.0.1\bin;C:\WINDOWS\Sun\Java\bin;C:\WINDOWS\system32;C:\WINDOWS;D:\software\Anaconda;D:\software\Anaconda\Library\mingw-w64\bin;D:\software\Anaconda\Library\usr\bin;D:\software\Anaconda\Library\bin;D:\software\Anaconda\Scripts;D:\software\Anaconda\bin;D:\software\Anaconda\condabin;D:\software\Maven\apache-maven-3.8.5\bin;C:\Program Files\NVIDIA GPU Computing Toolkit\CUDA\v11.4\bin;C:\Program Files\NVIDIA GPU Computing Toolkit\CUDA\v11.4\libnvvp;C:\Users\10422\AppData\Local\Microsoft\WindowsApps;C:\Users\10422\AppData\Local\Programs\Microsoft VS Code\bin;C:\Users\10422\AppData\Local\GitHubDesktop\bin;C:\Users\10422\.dotnet\tools;C:\Users\10422\AppData\Roaming\npm;C:\Program Files\JetBrains\PyCharm Community Edition 2021.2.2\bin;D:\迅雷下载\chromedriver_win32;C:\Program Files\mingw-w64\x86_64-8.1.0-posix-seh-rt_v6-rev0\mingw64\bin;C:\Program Files\mingw-w64\x86_64-4.9.1-win32-seh-rt_v3-rev3\mingw64\bin;D:\Program Files (x86)\opencv\opencv\sources\include\opencv2;D:\Program Files\Java\jdk-17.0.1\bin;D:\Program Files\Java\jdk-17.0.1\jre\bin;C:\Windows\System32\WindowsPowerShell\v1.0;C:\Program Files\NVIDIA Corporation\Nsight Compute 2021.2.1;C:\Program Files\NVIDIA Corporation\NVIDIA NvDLISR;C:\Program Files\Git\bin;C:\Users\10422\AppData\Roaming\npm\node_modules;C:\ProgramData\chocolatey\bin;D:\software\nodejs;C:\Program Files\MySQL\MySQL Server 8.0\bin;C:\WINDOWS\System32\OpenSSH;C:\Windows\System32\OpenSSH;C:\Program Files (x86)\NetSarang\Xftp 7;D:\software\Graphviz\bin;D:\software\Tencent\微信web开发者工具\dll;C:\Program Files (x86)\NetSarang\Xshell 7;D:\software\qemu;D:\software\Anaconda;D:\software\Anaconda\Library\mingw-w64\bin;D:\software\Anaconda\Library\usr\bin;D:\software\Anaconda\Library\bin;D:\software\Anaconda\Scripts;C:\Users\10422\scoop\shims;D:\software\python\Scripts;D:\software\python;C:\Windows\System32;D:\software\CLion 2021.3.3\bin;D:\software\ffmpeg-5.0-full_build\bin;D:\software\IntelliJ IDEA Educational Edition 2021.3.3\bin;D:\software\nodejs\node_global;D:\software\IntelliJ IDEA\IntelliJ IDEA 2022.2.1\bin;D:\software\Anaconda\Library\bin\graphviz;."/>
    <property name="java.vm.info" value="mixed mode, sharing"/>
    <property name="java.vendor" value="Oracle Corporation"/>
    <property name="java.vm.version" value="17.0.1+12-LTS-39"/>
    <property name="sun.io.unicode.encoding" value="UnicodeLittle"/>
    <property name="java.class.version" value="61.0"/>
  </properties>
  <testcase name="t1_1_a" classname="abdn.scnu.cs.GameTests" time="0.003"/>
  <testcase name="t1_1_b" classname="abdn.scnu.cs.GameTests" time="0"/>
  <testcase name="t1_2" classname="abdn.scnu.cs.GameTests" time="0"/>
  <testcase name="t1_3" classname="abdn.scnu.cs.GameTests" time="0"/>
  <testcase name="t2_1" classname="abdn.scnu.cs.GameTests" time="0"/>
  <testcase name="t2_2" classname="abdn.scnu.cs.GameTests" time="0"/>
  <testcase name="t2_3" classname="abdn.scnu.cs.GameTests" time="0.067"/>
  <testcase name="t2_4" classname="abdn.scnu.cs.GameTests" time="0"/>
  <testcase name="t3_1" classname="abdn.scnu.cs.GameTests" time="0.001"/>
  <testcase name="t3_3" classname="abdn.scnu.cs.GameTests" time="0"/>
  <testcase name="t3_4" classname="abdn.scnu.cs.GameTests" time="0.001"/>
</testsuite>